term {"term_id":25,"name":"Large","slug":"large","term_group":0,"term_taxonomy_id":25,"taxonomy":"pa_size","description":"","parent":0,"count":1,"filter":"raw"} - 2024-07-30 06:06:13

term {"term_id":26,"name":"Medium","slug":"medium","term_group":0,"term_taxonomy_id":26,"taxonomy":"pa_size","description":"","parent":0,"count":1,"filter":"raw"} - 2024-07-30 06:06:13

term {"term_id":27,"name":"Small","slug":"small","term_group":0,"term_taxonomy_id":27,"taxonomy":"pa_size","description":"","parent":0,"count":1,"filter":"raw"} - 2024-07-30 06:06:13

term {"invalid_taxonomy":["Invalid taxonomy."]} - 2024-07-30 06:06:13

term [] - 2024-07-30 06:06:13

term {"term_id":25,"name":"Large","slug":"large","term_group":0,"term_taxonomy_id":25,"taxonomy":"pa_size","description":"","parent":0,"count":1,"filter":"raw"} - 2024-07-30 06:10:36

term {"term_id":26,"name":"Medium","slug":"medium","term_group":0,"term_taxonomy_id":26,"taxonomy":"pa_size","description":"","parent":0,"count":1,"filter":"raw"} - 2024-07-30 06:10:36

term {"term_id":27,"name":"Small","slug":"small","term_group":0,"term_taxonomy_id":27,"taxonomy":"pa_size","description":"","parent":0,"count":1,"filter":"raw"} - 2024-07-30 06:10:36

term {"term_id":25,"name":"Large","slug":"large","term_group":0,"term_taxonomy_id":25,"taxonomy":"pa_size","description":"","parent":0,"count":1,"filter":"raw"} - 2024-07-30 06:12:57

term {"term_id":26,"name":"Medium","slug":"medium","term_group":0,"term_taxonomy_id":26,"taxonomy":"pa_size","description":"","parent":0,"count":1,"filter":"raw"} - 2024-07-30 06:12:57

term {"term_id":27,"name":"Small","slug":"small","term_group":0,"term_taxonomy_id":27,"taxonomy":"pa_size","description":"","parent":0,"count":1,"filter":"raw"} - 2024-07-30 06:12:57

term {"term_id":32,"name":"Circle","slug":"circle","term_group":0,"term_taxonomy_id":32,"taxonomy":"pa_pattern","description":"","parent":0,"count":1,"filter":"raw"} - 2024-07-30 06:12:57

term {"term_id":31,"name":"Line","slug":"line","term_group":0,"term_taxonomy_id":31,"taxonomy":"pa_pattern","description":"","parent":0,"count":1,"filter":"raw"} - 2024-07-30 06:12:57

term {"term_id":25,"name":"Large","slug":"large","term_group":0,"term_taxonomy_id":25,"taxonomy":"pa_size","description":"","parent":0,"count":1,"filter":"raw"} - 2024-07-30 06:15:05

term {"term_id":26,"name":"Medium","slug":"medium","term_group":0,"term_taxonomy_id":26,"taxonomy":"pa_size","description":"","parent":0,"count":1,"filter":"raw"} - 2024-07-30 06:15:05

term {"term_id":27,"name":"Small","slug":"small","term_group":0,"term_taxonomy_id":27,"taxonomy":"pa_size","description":"","parent":0,"count":1,"filter":"raw"} - 2024-07-30 06:15:05

term {"term_id":32,"name":"Circle","slug":"circle","term_group":0,"term_taxonomy_id":32,"taxonomy":"pa_pattern","description":"","parent":0,"count":1,"filter":"raw"} - 2024-07-30 06:15:05

term {"term_id":31,"name":"Line","slug":"line","term_group":0,"term_taxonomy_id":31,"taxonomy":"pa_pattern","description":"","parent":0,"count":1,"filter":"raw"} - 2024-07-30 06:15:05

term {"term_id":25,"name":"Large","slug":"large","term_group":0,"term_taxonomy_id":25,"taxonomy":"pa_size","description":"","parent":0,"count":1,"filter":"raw"} - 2024-07-30 06:17:49

term {"term_id":26,"name":"Medium","slug":"medium","term_group":0,"term_taxonomy_id":26,"taxonomy":"pa_size","description":"","parent":0,"count":1,"filter":"raw"} - 2024-07-30 06:17:49

term {"term_id":27,"name":"Small","slug":"small","term_group":0,"term_taxonomy_id":27,"taxonomy":"pa_size","description":"","parent":0,"count":1,"filter":"raw"} - 2024-07-30 06:17:49

term {"term_id":32,"name":"Circle","slug":"circle","term_group":0,"term_taxonomy_id":32,"taxonomy":"pa_pattern","description":"","parent":0,"count":1,"filter":"raw"} - 2024-07-30 06:17:49

term {"term_id":31,"name":"Line","slug":"line","term_group":0,"term_taxonomy_id":31,"taxonomy":"pa_pattern","description":"","parent":0,"count":1,"filter":"raw"} - 2024-07-30 06:17:49

term {"term_id":25,"name":"Large","slug":"large","term_group":0,"term_taxonomy_id":25,"taxonomy":"pa_size","description":"","parent":0,"count":1,"filter":"raw"} - 2024-07-30 06:19:08

term {"term_id":26,"name":"Medium","slug":"medium","term_group":0,"term_taxonomy_id":26,"taxonomy":"pa_size","description":"","parent":0,"count":1,"filter":"raw"} - 2024-07-30 06:19:08

term {"term_id":27,"name":"Small","slug":"small","term_group":0,"term_taxonomy_id":27,"taxonomy":"pa_size","description":"","parent":0,"count":1,"filter":"raw"} - 2024-07-30 06:19:08

term {"term_id":32,"name":"Circle","slug":"circle","term_group":0,"term_taxonomy_id":32,"taxonomy":"pa_pattern","description":"","parent":0,"count":1,"filter":"raw"} - 2024-07-30 06:19:08

term {"term_id":31,"name":"Line","slug":"line","term_group":0,"term_taxonomy_id":31,"taxonomy":"pa_pattern","description":"","parent":0,"count":1,"filter":"raw"} - 2024-07-30 06:19:08

term {"term_id":25,"name":"Large","slug":"large","term_group":0,"term_taxonomy_id":25,"taxonomy":"pa_size","description":"","parent":0,"count":1,"filter":"raw"} - 2024-07-30 06:19:30

term {"term_id":26,"name":"Medium","slug":"medium","term_group":0,"term_taxonomy_id":26,"taxonomy":"pa_size","description":"","parent":0,"count":1,"filter":"raw"} - 2024-07-30 06:19:30

term {"term_id":27,"name":"Small","slug":"small","term_group":0,"term_taxonomy_id":27,"taxonomy":"pa_size","description":"","parent":0,"count":1,"filter":"raw"} - 2024-07-30 06:19:30

term {"term_id":32,"name":"Circle","slug":"circle","term_group":0,"term_taxonomy_id":32,"taxonomy":"pa_pattern","description":"","parent":0,"count":1,"filter":"raw"} - 2024-07-30 06:19:30

term {"term_id":31,"name":"Line","slug":"line","term_group":0,"term_taxonomy_id":31,"taxonomy":"pa_pattern","description":"","parent":0,"count":1,"filter":"raw"} - 2024-07-30 06:19:30

term {"term_id":25,"name":"Large","slug":"large","term_group":0,"term_taxonomy_id":25,"taxonomy":"pa_size","description":"","parent":0,"count":1,"filter":"raw"} - 2024-07-30 06:22:28

term {"term_id":26,"name":"Medium","slug":"medium","term_group":0,"term_taxonomy_id":26,"taxonomy":"pa_size","description":"","parent":0,"count":1,"filter":"raw"} - 2024-07-30 06:22:28

term {"term_id":27,"name":"Small","slug":"small","term_group":0,"term_taxonomy_id":27,"taxonomy":"pa_size","description":"","parent":0,"count":1,"filter":"raw"} - 2024-07-30 06:22:28

term {"term_id":32,"name":"Circle","slug":"circle","term_group":0,"term_taxonomy_id":32,"taxonomy":"pa_pattern","description":"","parent":0,"count":1,"filter":"raw"} - 2024-07-30 06:22:28

term {"term_id":31,"name":"Line","slug":"line","term_group":0,"term_taxonomy_id":31,"taxonomy":"pa_pattern","description":"","parent":0,"count":1,"filter":"raw"} - 2024-07-30 06:22:28

term {"term_id":25,"name":"Large","slug":"large","term_group":0,"term_taxonomy_id":25,"taxonomy":"pa_size","description":"","parent":0,"count":1,"filter":"raw"} - 2024-07-30 06:23:32

term {"term_id":26,"name":"Medium","slug":"medium","term_group":0,"term_taxonomy_id":26,"taxonomy":"pa_size","description":"","parent":0,"count":1,"filter":"raw"} - 2024-07-30 06:23:32

term {"term_id":27,"name":"Small","slug":"small","term_group":0,"term_taxonomy_id":27,"taxonomy":"pa_size","description":"","parent":0,"count":1,"filter":"raw"} - 2024-07-30 06:23:32

term {"term_id":32,"name":"Circle","slug":"circle","term_group":0,"term_taxonomy_id":32,"taxonomy":"pa_pattern","description":"","parent":0,"count":1,"filter":"raw"} - 2024-07-30 06:23:32

term {"term_id":31,"name":"Line","slug":"line","term_group":0,"term_taxonomy_id":31,"taxonomy":"pa_pattern","description":"","parent":0,"count":1,"filter":"raw"} - 2024-07-30 06:23:32

term {"term_id":25,"name":"Large","slug":"large","term_group":0,"term_taxonomy_id":25,"taxonomy":"pa_size","description":"","parent":0,"count":1,"filter":"raw"} - 2024-07-30 06:34:05

term {"term_id":26,"name":"Medium","slug":"medium","term_group":0,"term_taxonomy_id":26,"taxonomy":"pa_size","description":"","parent":0,"count":1,"filter":"raw"} - 2024-07-30 06:34:05

term {"term_id":27,"name":"Small","slug":"small","term_group":0,"term_taxonomy_id":27,"taxonomy":"pa_size","description":"","parent":0,"count":1,"filter":"raw"} - 2024-07-30 06:34:05

term {"term_id":32,"name":"Circle","slug":"circle","term_group":0,"term_taxonomy_id":32,"taxonomy":"pa_pattern","description":"","parent":0,"count":1,"filter":"raw"} - 2024-07-30 06:34:05

term {"term_id":31,"name":"Line","slug":"line","term_group":0,"term_taxonomy_id":31,"taxonomy":"pa_pattern","description":"","parent":0,"count":1,"filter":"raw"} - 2024-07-30 06:34:05

term {"term_id":25,"name":"Large","slug":"large","term_group":0,"term_taxonomy_id":25,"taxonomy":"pa_size","description":"","parent":0,"count":1,"filter":"raw"} - 2024-07-30 06:35:41

term {"term_id":26,"name":"Medium","slug":"medium","term_group":0,"term_taxonomy_id":26,"taxonomy":"pa_size","description":"","parent":0,"count":1,"filter":"raw"} - 2024-07-30 06:35:41

term {"term_id":27,"name":"Small","slug":"small","term_group":0,"term_taxonomy_id":27,"taxonomy":"pa_size","description":"","parent":0,"count":1,"filter":"raw"} - 2024-07-30 06:35:41

term {"term_id":32,"name":"Circle","slug":"circle","term_group":0,"term_taxonomy_id":32,"taxonomy":"pa_pattern","description":"","parent":0,"count":1,"filter":"raw"} - 2024-07-30 06:35:41

term {"term_id":31,"name":"Line","slug":"line","term_group":0,"term_taxonomy_id":31,"taxonomy":"pa_pattern","description":"","parent":0,"count":1,"filter":"raw"} - 2024-07-30 06:35:41

